[2025-12-13T02:43:44.942+0000] {local_task_job_runner.py:120} INFO - ::group::Pre task execution logs
[2025-12-13T02:43:44.959+0000] {taskinstance.py:2076} INFO - Dependencies all met for dep_context=non-requeueable deps ti=<TaskInstance: Airflow_Lab1.build_save_model_task manual__2025-12-13T02:43:38.009603+00:00 [queued]>
[2025-12-13T02:43:44.966+0000] {taskinstance.py:2076} INFO - Dependencies all met for dep_context=requeueable deps ti=<TaskInstance: Airflow_Lab1.build_save_model_task manual__2025-12-13T02:43:38.009603+00:00 [queued]>
[2025-12-13T02:43:44.966+0000] {taskinstance.py:2306} INFO - Starting attempt 1 of 1
[2025-12-13T02:43:44.987+0000] {taskinstance.py:2330} INFO - Executing <Task(PythonOperator): build_save_model_task> on 2025-12-13 02:43:38.009603+00:00
[2025-12-13T02:43:45.005+0000] {warnings.py:112} WARNING - /home/***/.local/lib/python3.12/site-packages/***/task/task_runner/standard_task_runner.py:61: DeprecationWarning: This process (pid=140) is multi-threaded, use of fork() may lead to deadlocks in the child.
  pid = os.fork()

[2025-12-13T02:43:45.006+0000] {standard_task_runner.py:63} INFO - Started process 143 to run task
[2025-12-13T02:43:45.009+0000] {standard_task_runner.py:90} INFO - Running: ['***', 'tasks', 'run', 'Airflow_Lab1', 'build_save_model_task', 'manual__2025-12-13T02:43:38.009603+00:00', '--job-id', '45', '--raw', '--subdir', 'DAGS_FOLDER/***.py', '--cfg-path', '/tmp/tmp9eccfhdl']
[2025-12-13T02:43:45.011+0000] {standard_task_runner.py:91} INFO - Job 45: Subtask build_save_model_task
[2025-12-13T02:43:45.055+0000] {task_command.py:426} INFO - Running <TaskInstance: Airflow_Lab1.build_save_model_task manual__2025-12-13T02:43:38.009603+00:00 [running]> on host 5d840f78fe67
[2025-12-13T02:43:45.127+0000] {taskinstance.py:2648} INFO - Exporting env vars: AIRFLOW_CTX_DAG_OWNER='your_name' AIRFLOW_CTX_DAG_ID='Airflow_Lab1' AIRFLOW_CTX_TASK_ID='build_save_model_task' AIRFLOW_CTX_EXECUTION_DATE='2025-12-13T02:43:38.009603+00:00' AIRFLOW_CTX_TRY_NUMBER='1' AIRFLOW_CTX_DAG_RUN_ID='manual__2025-12-13T02:43:38.009603+00:00'
[2025-12-13T02:43:45.128+0000] {taskinstance.py:430} INFO - ::endgroup::
[2025-12-13T02:43:45.248+0000] {taskinstance.py:441} INFO - ::group::Post task execution logs
[2025-12-13T02:43:45.248+0000] {taskinstance.py:2905} ERROR - Task failed with exception
Traceback (most recent call last):
  File "/home/airflow/.local/lib/python3.12/site-packages/airflow/models/taskinstance.py", line 465, in _execute_task
    result = _execute_callable(context=context, **execute_callable_kwargs)
             ^^^^^^^^^^^^^^^^^^^^^^^^^^^^^^^^^^^^^^^^^^^^^^^^^^^^^^^^^^^^^
  File "/home/airflow/.local/lib/python3.12/site-packages/airflow/models/taskinstance.py", line 432, in _execute_callable
    return execute_callable(context=context, **execute_callable_kwargs)
           ^^^^^^^^^^^^^^^^^^^^^^^^^^^^^^^^^^^^^^^^^^^^^^^^^^^^^^^^^^^^
  File "/home/airflow/.local/lib/python3.12/site-packages/airflow/models/baseoperator.py", line 401, in wrapper
    return func(self, *args, **kwargs)
           ^^^^^^^^^^^^^^^^^^^^^^^^^^^
  File "/home/airflow/.local/lib/python3.12/site-packages/airflow/operators/python.py", line 235, in execute
    return_value = self.execute_callable()
                   ^^^^^^^^^^^^^^^^^^^^^^^
  File "/home/airflow/.local/lib/python3.12/site-packages/airflow/operators/python.py", line 252, in execute_callable
    return self.python_callable(*self.op_args, **self.op_kwargs)
           ^^^^^^^^^^^^^^^^^^^^^^^^^^^^^^^^^^^^^^^^^^^^^^^^^^^^^
  File "/opt/airflow/dags/src/lab1.py", line 53, in build_save_model
    kmeans.fit(df)
  File "/home/airflow/.local/lib/python3.12/site-packages/sklearn/base.py", line 1336, in wrapper
    return fit_method(estimator, *args, **kwargs)
           ^^^^^^^^^^^^^^^^^^^^^^^^^^^^^^^^^^^^^^
  File "/home/airflow/.local/lib/python3.12/site-packages/sklearn/cluster/_kmeans.py", line 1470, in fit
    self._check_params_vs_input(X)
  File "/home/airflow/.local/lib/python3.12/site-packages/sklearn/cluster/_kmeans.py", line 1410, in _check_params_vs_input
    super()._check_params_vs_input(X, default_n_init=10)
  File "/home/airflow/.local/lib/python3.12/site-packages/sklearn/cluster/_kmeans.py", line 877, in _check_params_vs_input
    raise ValueError(
ValueError: n_samples=9 should be >= n_clusters=10.
[2025-12-13T02:43:45.268+0000] {taskinstance.py:1206} INFO - Marking task as FAILED. dag_id=Airflow_Lab1, task_id=build_save_model_task, run_id=manual__2025-12-13T02:43:38.009603+00:00, execution_date=20251213T024338, start_date=20251213T024344, end_date=20251213T024345
[2025-12-13T02:43:45.282+0000] {standard_task_runner.py:110} ERROR - Failed to execute job 45 for task build_save_model_task (n_samples=9 should be >= n_clusters=10.; 143)
[2025-12-13T02:43:45.303+0000] {local_task_job_runner.py:240} INFO - Task exited with return code 1
[2025-12-13T02:43:45.320+0000] {taskinstance.py:3503} INFO - 0 downstream tasks scheduled from follow-on schedule check
[2025-12-13T02:43:45.322+0000] {local_task_job_runner.py:222} INFO - ::endgroup::
